<?xml version="1.0" encoding="UTF-8"?>
<testng-results ignored="0" total="2" passed="2" failed="0" skipped="0">
  <reporter-output>
  </reporter-output>
  <suite started-at="2022-07-28T10:51:04 IST" name="Default suite" finished-at="2022-07-28T10:53:02 IST" duration-ms="117758">
    <groups>
    </groups>
    <test started-at="2022-07-28T10:51:04 IST" name="Default test" finished-at="2022-07-28T10:53:02 IST" duration-ms="117758">
      <class name="com.Amazon_demo.tests.AmazonDemoTest">
        <test-method is-config="true" signature="setup()[pri:0, instance:com.Amazon_demo.tests.AmazonDemoTest@595b007d]" started-at="2022-07-28T10:51:04 IST" name="setup" finished-at="2022-07-28T10:51:11 IST" duration-ms="7050" status="PASS">
          <reporter-output>
          </reporter-output>
        </test-method> <!-- setup -->
        <test-method signature="Test1()[pri:0, instance:com.Amazon_demo.tests.AmazonDemoTest@595b007d]" started-at="2022-07-28T10:51:11 IST" name="Test1" finished-at="2022-07-28T10:52:53 IST" duration-ms="102071" status="PASS">
          <reporter-output>
          </reporter-output>
        </test-method> <!-- Test1 -->
        <test-method signature="Test2()[pri:0, instance:com.Amazon_demo.tests.AmazonDemoTest@595b007d]" started-at="2022-07-28T10:52:53 IST" name="Test2" finished-at="2022-07-28T10:53:01 IST" duration-ms="7645" status="PASS">
          <reporter-output>
          </reporter-output>
        </test-method> <!-- Test2 -->
        <test-method is-config="true" signature="teardown()[pri:0, instance:com.Amazon_demo.tests.AmazonDemoTest@595b007d]" started-at="2022-07-28T10:53:01 IST" name="teardown" finished-at="2022-07-28T10:53:02 IST" duration-ms="944" status="PASS">
          <reporter-output>
          </reporter-output>
        </test-method> <!-- teardown -->
      </class> <!-- com.Amazon_demo.tests.AmazonDemoTest -->
    </test> <!-- Default test -->
  </suite> <!-- Default suite -->
</testng-results>
