<?xml version="1.0" encoding="UTF-8"?>
<!-- Generated by org.testng.reporters.JUnitReportReporter -->
<testsuite hostname="SaiMadhuri" failures="0" tests="1" name="testrunner.MyTestRunner_Class" time="491.209" errors="1" timestamp="2022-09-05T16:59:24 IST" skipped="0">
  <testcase classname="testrunner.MyTestRunner_Class" name="runScenario" time="491.209">
    <error message="element not interactable
  (Session info: chrome=105.0.5195.52)
Build info: version: &#039;4.3.0&#039;, revision: &#039;a4995e2c09*&#039;
System info: host: &#039;SAIMADHURI&#039;, ip: &#039;192.168.1.39&#039;, os.name: &#039;Windows 11&#039;, os.arch: &#039;amd64&#039;, os.version: &#039;10.0&#039;, java.version: &#039;17.0.2&#039;
Driver info: org.openqa.selenium.chrome.ChromeDriver
Command: [29a7c968ccf57f6fcd27c1aa9dd58eb4, clearElement {id=f61b93f0-41e0-46bc-8cb6-a261de2e3ec1}]
Capabilities {acceptInsecureCerts: false, browserName: chrome, browserVersion: 105.0.5195.52, chrome: {chromedriverVersion: 105.0.5195.52 (412c95e51883..., userDataDir: C:\Users\saima\AppData\Loca...}, goog:chromeOptions: {debuggerAddress: localhost:58214}, networkConnectionEnabled: false, pageLoadStrategy: normal, platformName: WINDOWS, proxy: Proxy(), se:cdp: ws://localhost:58214/devtoo..., se:cdpVersion: 105.0.5195.52, setWindowRect: true, strictFileInteractability: false, timeouts: {implicit: 0, pageLoad: 300000, script: 30000}, unhandledPromptBehavior: dismiss and notify, webauthn:extension:credBlob: true, webauthn:extension:largeBlob: true, webauthn:virtualAuthenticators: true}
Element: [[ChromeDriver: chrome on WINDOWS (29a7c968ccf57f6fcd27c1aa9dd58eb4)] -&gt; xpath: //textarea[@id=&#039;editComment_CommentTxtcommentsVM1&#039;]]
Session ID: 29a7c968ccf57f6fcd27c1aa9dd58eb4" type="org.openqa.selenium.ElementNotInteractableException">
      <![CDATA[org.openqa.selenium.ElementNotInteractableException: element not interactable
  (Session info: chrome=105.0.5195.52)
Build info: version: '4.3.0', revision: 'a4995e2c09*'
System info: host: 'SAIMADHURI', ip: '192.168.1.39', os.name: 'Windows 11', os.arch: 'amd64', os.version: '10.0', java.version: '17.0.2'
Driver info: org.openqa.selenium.chrome.ChromeDriver
Command: [29a7c968ccf57f6fcd27c1aa9dd58eb4, clearElement {id=f61b93f0-41e0-46bc-8cb6-a261de2e3ec1}]
Capabilities {acceptInsecureCerts: false, browserName: chrome, browserVersion: 105.0.5195.52, chrome: {chromedriverVersion: 105.0.5195.52 (412c95e51883..., userDataDir: C:\Users\saima\AppData\Loca...}, goog:chromeOptions: {debuggerAddress: localhost:58214}, networkConnectionEnabled: false, pageLoadStrategy: normal, platformName: WINDOWS, proxy: Proxy(), se:cdp: ws://localhost:58214/devtoo..., se:cdpVersion: 105.0.5195.52, setWindowRect: true, strictFileInteractability: false, timeouts: {implicit: 0, pageLoad: 300000, script: 30000}, unhandledPromptBehavior: dismiss and notify, webauthn:extension:credBlob: true, webauthn:extension:largeBlob: true, webauthn:virtualAuthenticators: true}
Element: [[ChromeDriver: chrome on WINDOWS (29a7c968ccf57f6fcd27c1aa9dd58eb4)] -> xpath: //textarea[@id='editComment_CommentTxtcommentsVM1']]
Session ID: 29a7c968ccf57f6fcd27c1aa9dd58eb4
at java.base/jdk.internal.reflect.NativeConstructorAccessorImpl.newInstance0(Native Method)
at java.base/jdk.internal.reflect.NativeConstructorAccessorImpl.newInstance(NativeConstructorAccessorImpl.java:77)
at java.base/jdk.internal.reflect.DelegatingConstructorAccessorImpl.newInstance(DelegatingConstructorAccessorImpl.java:45)
at java.base/java.lang.reflect.Constructor.newInstanceWithCaller(Constructor.java:499)
at java.base/java.lang.reflect.Constructor.newInstance(Constructor.java:480)
at org.openqa.selenium.remote.codec.w3c.W3CHttpResponseCodec.createException(W3CHttpResponseCodec.java:200)
at org.openqa.selenium.remote.codec.w3c.W3CHttpResponseCodec.decode(W3CHttpResponseCodec.java:133)
at org.openqa.selenium.remote.codec.w3c.W3CHttpResponseCodec.decode(W3CHttpResponseCodec.java:53)
at org.openqa.selenium.remote.HttpCommandExecutor.execute(HttpCommandExecutor.java:184)
at org.openqa.selenium.remote.service.DriverCommandExecutor.invokeExecute(DriverCommandExecutor.java:167)
at org.openqa.selenium.remote.service.DriverCommandExecutor.execute(DriverCommandExecutor.java:142)
at org.openqa.selenium.remote.RemoteWebDriver.execute(RemoteWebDriver.java:569)
at org.openqa.selenium.remote.RemoteWebElement.execute(RemoteWebElement.java:257)
at org.openqa.selenium.remote.RemoteWebElement.clear(RemoteWebElement.java:132)
at java.base/jdk.internal.reflect.NativeMethodAccessorImpl.invoke0(Native Method)
at java.base/jdk.internal.reflect.NativeMethodAccessorImpl.invoke(NativeMethodAccessorImpl.java:77)
at java.base/jdk.internal.reflect.DelegatingMethodAccessorImpl.invoke(DelegatingMethodAccessorImpl.java:43)
at java.base/java.lang.reflect.Method.invoke(Method.java:568)
at org.openqa.selenium.support.pagefactory.internal.LocatingElementHandler.invoke(LocatingElementHandler.java:52)
at jdk.proxy2/jdk.proxy2.$Proxy31.clear(Unknown Source)
at com.qa.util.ElementUtil.webEditTxtChange(ElementUtil.java:301)
at com.pages.CommonObjects.enterComments(CommonObjects.java:113)
at Parallel.RWC_002.user_should_navigate_to_account_screen_and_provides_all_the_required_input_to_proceed(RWC_002.java:77)
at ✽.User should navigate to Account screen and provides all the required input to proceed(file:///D:/WorkingDirectory/MODOT/src/test/resources/parallel/RWC_002.feature:6)
]]>
    </error>
  </testcase> <!-- runScenario -->
  <system-out/>
</testsuite> <!-- testrunner.MyTestRunner_Class -->
