<?xml version="1.0" encoding="UTF-8"?>
<testng-results ignored="0" total="1" passed="1" failed="0" skipped="0">
  <reporter-output>
  </reporter-output>
  <suite started-at="2022-11-08T18:16:34 IST" name="Default suite" finished-at="2022-11-08T18:33:00 IST" duration-ms="986307">
    <groups>
      <group name="cucumber">
        <method signature="AbstractTestNGCucumberTests.runScenario(io.cucumber.testng.PickleWrapper,io.cucumber.testng.FeatureWrapper)[pri:0, instance:testrunner.MyTestRunner@411f53a0]" name="runScenario" class="io.cucumber.testng.AbstractTestNGCucumberTests"/>
      </group> <!-- cucumber -->
    </groups>
    <test started-at="2022-11-08T18:16:34 IST" name="Default test" finished-at="2022-11-08T18:33:00 IST" duration-ms="986307">
      <class name="testrunner.MyTestRunner">
        <test-method is-config="true" signature="setUpClass(org.testng.ITestContext)[pri:0, instance:testrunner.MyTestRunner@411f53a0]" started-at="2022-11-08T18:16:34 IST" name="setUpClass" finished-at="2022-11-08T18:16:34 IST" duration-ms="566" status="PASS">
          <params>
            <param index="0">
              <value>
                <![CDATA[org.testng.TestRunner@48e0f933]]>
              </value>
            </param>
          </params>
          <reporter-output>
          </reporter-output>
        </test-method> <!-- setUpClass -->
        <test-method signature="runScenario(io.cucumber.testng.PickleWrapper,io.cucumber.testng.FeatureWrapper)[pri:0, instance:testrunner.MyTestRunner@411f53a0]" started-at="2022-11-08T18:16:34 IST" name="runScenario" description="Runs Cucumber Scenarios" data-provider="scenarios" finished-at="2022-11-08T18:32:39 IST" duration-ms="964701" status="PASS">
          <params>
            <param index="0">
              <value>
                <![CDATA["IRP Renew fleet"]]>
              </value>
            </param>
            <param index="1">
              <value>
                <![CDATA["Renew Fleet feature"]]>
              </value>
            </param>
          </params>
          <reporter-output>
          </reporter-output>
        </test-method> <!-- runScenario -->
        <test-method is-config="true" signature="tearDownClass()[pri:0, instance:testrunner.MyTestRunner@411f53a0]" started-at="2022-11-08T18:32:39 IST" name="tearDownClass" finished-at="2022-11-08T18:33:00 IST" duration-ms="21013" status="PASS">
          <reporter-output>
          </reporter-output>
        </test-method> <!-- tearDownClass -->
      </class> <!-- testrunner.MyTestRunner -->
    </test> <!-- Default test -->
  </suite> <!-- Default suite -->
</testng-results>
